<?xml version="1.0" encoding="UTF-8"?>
<!-- Generated by org.testng.reporters.JUnitReportReporter -->
<testsuite hostname="AP-fecIEGYddx3p" failures="0" tests="1" name="in.redbus.testscripts.BookTicketTest" time="6.437" errors="0" timestamp="2022-12-04T18:37:11 IST" skipped="0">
  <testcase classname="in.redbus.testscripts.BookTicketTest" name="BookTicketTest" time="6.437"/>
  <system-out/>
</testsuite> <!-- in.redbus.testscripts.BookTicketTest -->
