<?xml version="1.0" encoding="UTF-8"?>
<!-- Generated by org.testng.reporters.JUnitReportReporter -->
<testsuite hostname="AP-fecIEGYddx3p" failures="0" tests="1" name="testscripts.OrderFoodTest" time="6.065" errors="0" timestamp="2022-12-04T18:32:22 IST" skipped="0">
  <testcase classname="testscripts.OrderFoodTest" name="orderFoodBangalore" time="6.065"/>
  <system-out/>
</testsuite> <!-- testscripts.OrderFoodTest -->
