<?xml version="1.0" encoding="UTF-8"?>
<!-- Generated by org.testng.reporters.JUnitReportReporter -->
<testsuite hostname="AP-fecIEGYddx3p" failures="0" tests="1" name="in.swiggy.testscripts.TestRunner" time="9.895" errors="0" timestamp="2022-12-04T23:27:09 IST" skipped="0">
  <testcase classname="in.swiggy.testscripts.TestRunner" name="runScenario" time="9.895"/>
  <system-out/>
</testsuite> <!-- in.swiggy.testscripts.TestRunner -->
